[ 2016-08-14T09:07:13+08:00 ] 127.0.0.1 /index.php?m=admin&c=login
INFO: [ app_init ] --START--
INFO: Run Behavior\BuildLiteBehavior [ RunTime:0.000031s ]
INFO: [ app_init ] --END-- [ RunTime:0.019392s ]
INFO: [ app_begin ] --START--
INFO: Run Behavior\ReadHtmlCacheBehavior [ RunTime:0.010218s ]
INFO: [ app_begin ] --END-- [ RunTime:0.010394s ]
INFO: [ view_parse ] --START--
INFO: [ template_filter ] --START--
INFO: Run Behavior\ContentReplaceBehavior [ RunTime:0.000080s ]
INFO: [ template_filter ] --END-- [ RunTime:0.000211s ]
INFO: Run Behavior\ParseTemplateBehavior [ RunTime:0.152646s ]
INFO: [ view_parse ] --END-- [ RunTime:0.152821s ]
INFO: [ view_filter ] --START--
INFO: Run Behavior\WriteHtmlCacheBehavior [ RunTime:0.045088s ]
INFO: [ view_filter ] --END-- [ RunTime:0.045240s ]
INFO: [ app_end ] --START--
INFO: Run Behavior\ShowPageTraceBehavior [ RunTime:0.015131s ]
INFO: [ app_end ] --END-- [ RunTime:0.015311s ]

[ 2016-08-14T09:07:22+08:00 ] 127.0.0.1 /admin.php?m=admin&c=login&a=check
INFO: [ app_init ] --START--
INFO: Run Behavior\BuildLiteBehavior [ RunTime:0.000026s ]
INFO: [ app_init ] --END-- [ RunTime:0.000383s ]
INFO: [ app_begin ] --START--
INFO: Run Behavior\ReadHtmlCacheBehavior [ RunTime:0.000456s ]
INFO: [ app_begin ] --END-- [ RunTime:0.000581s ]
SQL: SHOW COLUMNS FROM `cms_admin` [ RunTime:0.0403s ]
SQL: SELECT * FROM `cms_admin` WHERE ( username="admin" ) LIMIT 1   [ RunTime:0.0005s ]
SQL: UPDATE `cms_admin` SET `lastlogintime`='1471136842' WHERE ( admin_id=1 ) [ RunTime:0.0234s ]

[ 2016-08-14T09:07:25+08:00 ] 127.0.0.1 /admin.php?m=admin&c=index
INFO: [ app_init ] --START--
INFO: Run Behavior\BuildLiteBehavior [ RunTime:0.000033s ]
INFO: [ app_init ] --END-- [ RunTime:0.000395s ]
INFO: [ app_begin ] --START--
INFO: Run Behavior\ReadHtmlCacheBehavior [ RunTime:0.000439s ]
INFO: [ app_begin ] --END-- [ RunTime:0.000560s ]
NOTIC: [2048] Declaration of Common\Model\NewsModel::find() should be compatible with Think\Model::find($options = Array) C:\wamp\www\licms\Application\Common\Model\NewsModel.class.php 第 10 行.
SQL: SHOW COLUMNS FROM `cms_news` [ RunTime:0.0738s ]
SQL: SELECT * FROM `cms_news` WHERE `status` = 1 ORDER BY count desc LIMIT 1   [ RunTime:0.0143s ]
SQL: SELECT COUNT(*) AS tp_count FROM `cms_news` WHERE `status` = 1 LIMIT 1   [ RunTime:0.0769s ]
NOTIC: [2048] Declaration of Common\Model\PositionModel::find() should be compatible with Think\Model::find($options = Array) C:\wamp\www\licms\Application\Common\Model\PositionModel.class.php 第 103 行.
SQL: SHOW COLUMNS FROM `cms_position` [ RunTime:0.0717s ]
SQL: SELECT COUNT(*) AS tp_count FROM `cms_position` WHERE `status` = 1 LIMIT 1   [ RunTime:0.0003s ]
SQL: SHOW COLUMNS FROM `cms_admin` [ RunTime:0.0104s ]
SQL: SELECT COUNT(*) AS tp_count FROM `cms_admin` WHERE `status` = 1 AND `lastlogintime` > 1471104000 LIMIT 1   [ RunTime:0.0004s ]
NOTIC: [2] Illegal string offset 'tp_count' C:\wamp\www\licms\Application\Common\Model\AdminModel.class.php 第 75 行.
INFO: [ view_parse ] --START--
INFO: [ template_filter ] --START--
INFO: Run Behavior\ContentReplaceBehavior [ RunTime:0.000102s ]
INFO: [ template_filter ] --END-- [ RunTime:0.000230s ]
NOTIC: [2048] Declaration of Common\Model\MenuModel::find() should be compatible with Think\Model::find($options = Array) C:\wamp\www\licms\Application\Common\Model\MenuModel.class.php 第 101 行.
SQL: SHOW COLUMNS FROM `cms_menu` [ RunTime:0.0534s ]
SQL: SELECT * FROM `cms_menu` WHERE `status` <> -1 AND `type` = 1 ORDER BY listorder desc,menu_id desc  [ RunTime:0.0004s ]
NOTIC: [8] Undefined index: a C:\wamp\www\licms\Application\Common\Common\function.php 第 35 行.
NOTIC: [8] Undefined index: a C:\wamp\www\licms\Application\Common\Common\function.php 第 35 行.
NOTIC: [8] Undefined index: a C:\wamp\www\licms\Application\Common\Common\function.php 第 35 行.
NOTIC: [8] Undefined index: a C:\wamp\www\licms\Application\Common\Common\function.php 第 35 行.
NOTIC: [8] Undefined index: a C:\wamp\www\licms\Application\Common\Common\function.php 第 35 行.
NOTIC: [8] Undefined index: a C:\wamp\www\licms\Application\Common\Common\function.php 第 35 行.
INFO: Run Behavior\ParseTemplateBehavior [ RunTime:0.137926s ]
INFO: [ view_parse ] --END-- [ RunTime:0.138086s ]
INFO: [ view_filter ] --START--
INFO: Run Behavior\WriteHtmlCacheBehavior [ RunTime:0.000371s ]
INFO: [ view_filter ] --END-- [ RunTime:0.000489s ]
INFO: [ app_end ] --START--
INFO: Run Behavior\ShowPageTraceBehavior [ RunTime:0.000513s ]
INFO: [ app_end ] --END-- [ RunTime:0.000644s ]

[ 2016-08-14T09:10:03+08:00 ] 127.0.0.1 /admin.php?c=basic
INFO: [ app_init ] --START--
INFO: Run Behavior\BuildLiteBehavior [ RunTime:0.000045s ]
INFO: [ app_init ] --END-- [ RunTime:0.000709s ]
INFO: [ app_begin ] --START--
INFO: Run Behavior\ReadHtmlCacheBehavior [ RunTime:0.000878s ]
INFO: [ app_begin ] --END-- [ RunTime:0.001081s ]
NOTIC: [2048] Declaration of Common\Model\BasicModel::save() should be compatible with Think\Model::save($data = '', $options = Array) C:\wamp\www\licms\Application\Common\Model\BasicModel.class.php 第 11 行.
NOTIC: [2048] Declaration of Common\Model\BasicModel::select() should be compatible with Think\Model::select($options = Array) C:\wamp\www\licms\Application\Common\Model\BasicModel.class.php 第 11 行.
INFO: [ view_parse ] --START--
INFO: [ template_filter ] --START--
INFO: Run Behavior\ContentReplaceBehavior [ RunTime:0.000084s ]
INFO: [ template_filter ] --END-- [ RunTime:0.000206s ]
NOTIC: [2048] Declaration of Common\Model\MenuModel::find() should be compatible with Think\Model::find($options = Array) C:\wamp\www\licms\Application\Common\Model\MenuModel.class.php 第 101 行.
SQL: SHOW COLUMNS FROM `cms_menu` [ RunTime:0.0102s ]
SQL: SELECT * FROM `cms_menu` WHERE `status` <> -1 AND `type` = 1 ORDER BY listorder desc,menu_id desc  [ RunTime:0.0004s ]
NOTIC: [8] Undefined index: a C:\wamp\www\licms\Application\Common\Common\function.php 第 35 行.
NOTIC: [8] Undefined index: a C:\wamp\www\licms\Application\Common\Common\function.php 第 35 行.
NOTIC: [8] Undefined index: a C:\wamp\www\licms\Application\Common\Common\function.php 第 35 行.
NOTIC: [8] Undefined index: a C:\wamp\www\licms\Application\Common\Common\function.php 第 35 行.
NOTIC: [8] Undefined index: a C:\wamp\www\licms\Application\Common\Common\function.php 第 35 行.
NOTIC: [8] Undefined index: a C:\wamp\www\licms\Application\Common\Common\function.php 第 35 行.
INFO: Run Behavior\ParseTemplateBehavior [ RunTime:0.078421s ]
INFO: [ view_parse ] --END-- [ RunTime:0.078613s ]
INFO: [ view_filter ] --START--
INFO: Run Behavior\WriteHtmlCacheBehavior [ RunTime:0.000504s ]
INFO: [ view_filter ] --END-- [ RunTime:0.000624s ]
INFO: [ app_end ] --START--
INFO: Run Behavior\ShowPageTraceBehavior [ RunTime:0.000631s ]
INFO: [ app_end ] --END-- [ RunTime:0.000748s ]

[ 2016-08-14T09:10:04+08:00 ] 127.0.0.1 /admin.php?c=admin
INFO: [ app_init ] --START--
INFO: Run Behavior\BuildLiteBehavior [ RunTime:0.000028s ]
INFO: [ app_init ] --END-- [ RunTime:0.000387s ]
INFO: [ app_begin ] --START--
INFO: Run Behavior\ReadHtmlCacheBehavior [ RunTime:0.000462s ]
INFO: [ app_begin ] --END-- [ RunTime:0.000583s ]
NOTIC: [2048] Declaration of Admin\Controller\AdminController::setStatus() should be compatible with Admin\Controller\CommonController::setStatus($data, $models) C:\wamp\www\licms\Application\Admin\Controller\AdminController.class.php 第 9 行.
SQL: SHOW COLUMNS FROM `cms_admin` [ RunTime:0.0756s ]
SQL: SELECT * FROM `cms_admin` WHERE `status` <> -1 ORDER BY admin_id desc  [ RunTime:0.0010s ]
INFO: [ view_parse ] --START--
INFO: [ template_filter ] --START--
INFO: Run Behavior\ContentReplaceBehavior [ RunTime:0.000289s ]
INFO: [ template_filter ] --END-- [ RunTime:0.000679s ]
NOTIC: [2048] Declaration of Common\Model\MenuModel::find() should be compatible with Think\Model::find($options = Array) C:\wamp\www\licms\Application\Common\Model\MenuModel.class.php 第 101 行.
SQL: SHOW COLUMNS FROM `cms_menu` [ RunTime:0.0078s ]
SQL: SELECT * FROM `cms_menu` WHERE `status` <> -1 AND `type` = 1 ORDER BY listorder desc,menu_id desc  [ RunTime:0.0004s ]
NOTIC: [8] Undefined index: a C:\wamp\www\licms\Application\Common\Common\function.php 第 35 行.
NOTIC: [8] Undefined index: a C:\wamp\www\licms\Application\Common\Common\function.php 第 35 行.
NOTIC: [8] Undefined index: a C:\wamp\www\licms\Application\Common\Common\function.php 第 35 行.
NOTIC: [8] Undefined index: a C:\wamp\www\licms\Application\Common\Common\function.php 第 35 行.
NOTIC: [8] Undefined index: a C:\wamp\www\licms\Application\Common\Common\function.php 第 35 行.
NOTIC: [8] Undefined index: a C:\wamp\www\licms\Application\Common\Common\function.php 第 35 行.
NOTIC: [8] Array to string conversion C:\wamp\www\licms\Application\Runtime\Cache\Admin\b682812e058c4f7cab74d08ab9eabe11.php 第 105 行.
INFO: Run Behavior\ParseTemplateBehavior [ RunTime:0.173338s ]
INFO: [ view_parse ] --END-- [ RunTime:0.174120s ]
INFO: [ view_filter ] --START--
INFO: Run Behavior\WriteHtmlCacheBehavior [ RunTime:0.000456s ]
INFO: [ view_filter ] --END-- [ RunTime:0.000566s ]
INFO: [ app_end ] --START--
INFO: Run Behavior\ShowPageTraceBehavior [ RunTime:0.000581s ]
INFO: [ app_end ] --END-- [ RunTime:0.000695s ]

[ 2016-08-14T09:10:11+08:00 ] 127.0.0.1 /admin.php?c=admin&a=setStatus
INFO: [ app_init ] --START--
INFO: Run Behavior\BuildLiteBehavior [ RunTime:0.000027s ]
INFO: [ app_init ] --END-- [ RunTime:0.000388s ]
INFO: [ app_begin ] --START--
INFO: Run Behavior\ReadHtmlCacheBehavior [ RunTime:0.000451s ]
INFO: [ app_begin ] --END-- [ RunTime:0.000552s ]
NOTIC: [2048] Declaration of Admin\Controller\AdminController::setStatus() should be compatible with Admin\Controller\CommonController::setStatus($data, $models) C:\wamp\www\licms\Application\Admin\Controller\AdminController.class.php 第 9 行.
SQL: SHOW COLUMNS FROM `cms_admin` [ RunTime:0.0131s ]
SQL: UPDATE `cms_admin` SET `status`='-1' WHERE ( admin_id=9 ) [ RunTime:0.0003s ]

[ 2016-08-14T09:10:12+08:00 ] 127.0.0.1 /admin.php?c=admin
INFO: [ app_init ] --START--
INFO: Run Behavior\BuildLiteBehavior [ RunTime:0.000027s ]
INFO: [ app_init ] --END-- [ RunTime:0.000388s ]
INFO: [ app_begin ] --START--
INFO: Run Behavior\ReadHtmlCacheBehavior [ RunTime:0.000463s ]
INFO: [ app_begin ] --END-- [ RunTime:0.000584s ]
NOTIC: [2048] Declaration of Admin\Controller\AdminController::setStatus() should be compatible with Admin\Controller\CommonController::setStatus($data, $models) C:\wamp\www\licms\Application\Admin\Controller\AdminController.class.php 第 9 行.
SQL: SHOW COLUMNS FROM `cms_admin` [ RunTime:0.0097s ]
SQL: SELECT * FROM `cms_admin` WHERE `status` <> -1 ORDER BY admin_id desc  [ RunTime:0.0009s ]
INFO: [ view_parse ] --START--
INFO: [ template_filter ] --START--
INFO: Run Behavior\ContentReplaceBehavior [ RunTime:0.000087s ]
INFO: [ template_filter ] --END-- [ RunTime:0.000207s ]
NOTIC: [2048] Declaration of Common\Model\MenuModel::find() should be compatible with Think\Model::find($options = Array) C:\wamp\www\licms\Application\Common\Model\MenuModel.class.php 第 101 行.
SQL: SHOW COLUMNS FROM `cms_menu` [ RunTime:0.0077s ]
SQL: SELECT * FROM `cms_menu` WHERE `status` <> -1 AND `type` = 1 ORDER BY listorder desc,menu_id desc  [ RunTime:0.0004s ]
NOTIC: [8] Undefined index: a C:\wamp\www\licms\Application\Common\Common\function.php 第 35 行.
NOTIC: [8] Undefined index: a C:\wamp\www\licms\Application\Common\Common\function.php 第 35 行.
NOTIC: [8] Undefined index: a C:\wamp\www\licms\Application\Common\Common\function.php 第 35 行.
NOTIC: [8] Undefined index: a C:\wamp\www\licms\Application\Common\Common\function.php 第 35 行.
NOTIC: [8] Undefined index: a C:\wamp\www\licms\Application\Common\Common\function.php 第 35 行.
NOTIC: [8] Undefined index: a C:\wamp\www\licms\Application\Common\Common\function.php 第 35 行.
NOTIC: [8] Array to string conversion C:\wamp\www\licms\Application\Runtime\Cache\Admin\b682812e058c4f7cab74d08ab9eabe11.php 第 105 行.
INFO: Run Behavior\ParseTemplateBehavior [ RunTime:0.022473s ]
INFO: [ view_parse ] --END-- [ RunTime:0.022671s ]
INFO: [ view_filter ] --START--
INFO: Run Behavior\WriteHtmlCacheBehavior [ RunTime:0.000496s ]
INFO: [ view_filter ] --END-- [ RunTime:0.000615s ]
INFO: [ app_end ] --START--
INFO: Run Behavior\ShowPageTraceBehavior [ RunTime:0.000632s ]
INFO: [ app_end ] --END-- [ RunTime:0.000762s ]

[ 2016-08-14T09:10:20+08:00 ] 127.0.0.1 /admin.php?c=basic
INFO: [ app_init ] --START--
INFO: Run Behavior\BuildLiteBehavior [ RunTime:0.000026s ]
INFO: [ app_init ] --END-- [ RunTime:0.000445s ]
INFO: [ app_begin ] --START--
INFO: Run Behavior\ReadHtmlCacheBehavior [ RunTime:0.000588s ]
INFO: [ app_begin ] --END-- [ RunTime:0.000708s ]
NOTIC: [2048] Declaration of Common\Model\BasicModel::save() should be compatible with Think\Model::save($data = '', $options = Array) C:\wamp\www\licms\Application\Common\Model\BasicModel.class.php 第 11 行.
NOTIC: [2048] Declaration of Common\Model\BasicModel::select() should be compatible with Think\Model::select($options = Array) C:\wamp\www\licms\Application\Common\Model\BasicModel.class.php 第 11 行.
INFO: [ view_parse ] --START--
INFO: [ template_filter ] --START--
INFO: Run Behavior\ContentReplaceBehavior [ RunTime:0.000083s ]
INFO: [ template_filter ] --END-- [ RunTime:0.000203s ]
NOTIC: [2048] Declaration of Common\Model\MenuModel::find() should be compatible with Think\Model::find($options = Array) C:\wamp\www\licms\Application\Common\Model\MenuModel.class.php 第 101 行.
SQL: SHOW COLUMNS FROM `cms_menu` [ RunTime:0.0095s ]
SQL: SELECT * FROM `cms_menu` WHERE `status` <> -1 AND `type` = 1 ORDER BY listorder desc,menu_id desc  [ RunTime:0.0004s ]
NOTIC: [8] Undefined index: a C:\wamp\www\licms\Application\Common\Common\function.php 第 35 行.
NOTIC: [8] Undefined index: a C:\wamp\www\licms\Application\Common\Common\function.php 第 35 行.
NOTIC: [8] Undefined index: a C:\wamp\www\licms\Application\Common\Common\function.php 第 35 行.
NOTIC: [8] Undefined index: a C:\wamp\www\licms\Application\Common\Common\function.php 第 35 行.
NOTIC: [8] Undefined index: a C:\wamp\www\licms\Application\Common\Common\function.php 第 35 行.
NOTIC: [8] Undefined index: a C:\wamp\www\licms\Application\Common\Common\function.php 第 35 行.
INFO: Run Behavior\ParseTemplateBehavior [ RunTime:0.029209s ]
INFO: [ view_parse ] --END-- [ RunTime:0.029331s ]
INFO: [ view_filter ] --START--
INFO: Run Behavior\WriteHtmlCacheBehavior [ RunTime:0.000531s ]
INFO: [ view_filter ] --END-- [ RunTime:0.000647s ]
INFO: [ app_end ] --START--
INFO: Run Behavior\ShowPageTraceBehavior [ RunTime:0.001217s ]
INFO: [ app_end ] --END-- [ RunTime:0.001385s ]

[ 2016-08-14T09:10:22+08:00 ] 127.0.0.1 /admin.php?c=admin
INFO: [ app_init ] --START--
INFO: Run Behavior\BuildLiteBehavior [ RunTime:0.000028s ]
INFO: [ app_init ] --END-- [ RunTime:0.000393s ]
INFO: [ app_begin ] --START--
INFO: Run Behavior\ReadHtmlCacheBehavior [ RunTime:0.000440s ]
INFO: [ app_begin ] --END-- [ RunTime:0.000563s ]
NOTIC: [2048] Declaration of Admin\Controller\AdminController::setStatus() should be compatible with Admin\Controller\CommonController::setStatus($data, $models) C:\wamp\www\licms\Application\Admin\Controller\AdminController.class.php 第 9 行.
SQL: SHOW COLUMNS FROM `cms_admin` [ RunTime:0.1195s ]
SQL: SELECT * FROM `cms_admin` WHERE `status` <> -1 ORDER BY admin_id desc  [ RunTime:0.0009s ]
INFO: [ view_parse ] --START--
INFO: [ template_filter ] --START--
INFO: Run Behavior\ContentReplaceBehavior [ RunTime:0.000187s ]
INFO: [ template_filter ] --END-- [ RunTime:0.000444s ]
NOTIC: [2048] Declaration of Common\Model\MenuModel::find() should be compatible with Think\Model::find($options = Array) C:\wamp\www\licms\Application\Common\Model\MenuModel.class.php 第 101 行.
SQL: SHOW COLUMNS FROM `cms_menu` [ RunTime:0.0126s ]
SQL: SELECT * FROM `cms_menu` WHERE `status` <> -1 AND `type` = 1 ORDER BY listorder desc,menu_id desc  [ RunTime:0.0006s ]
NOTIC: [8] Undefined index: a C:\wamp\www\licms\Application\Common\Common\function.php 第 35 行.
NOTIC: [8] Undefined index: a C:\wamp\www\licms\Application\Common\Common\function.php 第 35 行.
NOTIC: [8] Undefined index: a C:\wamp\www\licms\Application\Common\Common\function.php 第 35 行.
NOTIC: [8] Undefined index: a C:\wamp\www\licms\Application\Common\Common\function.php 第 35 行.
NOTIC: [8] Undefined index: a C:\wamp\www\licms\Application\Common\Common\function.php 第 35 行.
NOTIC: [8] Undefined index: a C:\wamp\www\licms\Application\Common\Common\function.php 第 35 行.
NOTIC: [8] Array to string conversion C:\wamp\www\licms\Application\Runtime\Cache\Admin\b682812e058c4f7cab74d08ab9eabe11.php 第 105 行.
INFO: Run Behavior\ParseTemplateBehavior [ RunTime:0.052880s ]
INFO: [ view_parse ] --END-- [ RunTime:0.053193s ]
INFO: [ view_filter ] --START--
INFO: Run Behavior\WriteHtmlCacheBehavior [ RunTime:0.000850s ]
INFO: [ view_filter ] --END-- [ RunTime:0.001079s ]
INFO: [ app_end ] --START--
INFO: Run Behavior\ShowPageTraceBehavior [ RunTime:0.001157s ]
INFO: [ app_end ] --END-- [ RunTime:0.001398s ]

[ 2016-08-14T09:10:23+08:00 ] 127.0.0.1 /admin.php?c=admin
INFO: [ app_init ] --START--
INFO: Run Behavior\BuildLiteBehavior [ RunTime:0.000029s ]
INFO: [ app_init ] --END-- [ RunTime:0.000468s ]
INFO: [ app_begin ] --START--
INFO: Run Behavior\ReadHtmlCacheBehavior [ RunTime:0.000466s ]
INFO: [ app_begin ] --END-- [ RunTime:0.000588s ]
NOTIC: [2048] Declaration of Admin\Controller\AdminController::setStatus() should be compatible with Admin\Controller\CommonController::setStatus($data, $models) C:\wamp\www\licms\Application\Admin\Controller\AdminController.class.php 第 9 行.
SQL: SHOW COLUMNS FROM `cms_admin` [ RunTime:0.0199s ]
SQL: SELECT * FROM `cms_admin` WHERE `status` <> -1 ORDER BY admin_id desc  [ RunTime:0.0004s ]
INFO: [ view_parse ] --START--
INFO: [ template_filter ] --START--
INFO: Run Behavior\ContentReplaceBehavior [ RunTime:0.000090s ]
INFO: [ template_filter ] --END-- [ RunTime:0.000213s ]
NOTIC: [2048] Declaration of Common\Model\MenuModel::find() should be compatible with Think\Model::find($options = Array) C:\wamp\www\licms\Application\Common\Model\MenuModel.class.php 第 101 行.
SQL: SHOW COLUMNS FROM `cms_menu` [ RunTime:0.0069s ]
SQL: SELECT * FROM `cms_menu` WHERE `status` <> -1 AND `type` = 1 ORDER BY listorder desc,menu_id desc  [ RunTime:0.0004s ]
NOTIC: [8] Undefined index: a C:\wamp\www\licms\Application\Common\Common\function.php 第 35 行.
NOTIC: [8] Undefined index: a C:\wamp\www\licms\Application\Common\Common\function.php 第 35 行.
NOTIC: [8] Undefined index: a C:\wamp\www\licms\Application\Common\Common\function.php 第 35 行.
NOTIC: [8] Undefined index: a C:\wamp\www\licms\Application\Common\Common\function.php 第 35 行.
NOTIC: [8] Undefined index: a C:\wamp\www\licms\Application\Common\Common\function.php 第 35 行.
NOTIC: [8] Undefined index: a C:\wamp\www\licms\Application\Common\Common\function.php 第 35 行.
NOTIC: [8] Array to string conversion C:\wamp\www\licms\Application\Runtime\Cache\Admin\b682812e058c4f7cab74d08ab9eabe11.php 第 105 行.
INFO: Run Behavior\ParseTemplateBehavior [ RunTime:0.022212s ]
INFO: [ view_parse ] --END-- [ RunTime:0.022334s ]
INFO: [ view_filter ] --START--
INFO: Run Behavior\WriteHtmlCacheBehavior [ RunTime:0.000470s ]
INFO: [ view_filter ] --END-- [ RunTime:0.000582s ]
INFO: [ app_end ] --START--
INFO: Run Behavior\ShowPageTraceBehavior [ RunTime:0.000577s ]
INFO: [ app_end ] --END-- [ RunTime:0.000693s ]

[ 2016-08-14T09:10:37+08:00 ] 127.0.0.1 /admin.php?c=admin&a=add
INFO: [ app_init ] --START--
INFO: Run Behavior\BuildLiteBehavior [ RunTime:0.000026s ]
INFO: [ app_init ] --END-- [ RunTime:0.000384s ]
INFO: [ app_begin ] --START--
INFO: Run Behavior\ReadHtmlCacheBehavior [ RunTime:0.000485s ]
INFO: [ app_begin ] --END-- [ RunTime:0.000606s ]
NOTIC: [2048] Declaration of Admin\Controller\AdminController::setStatus() should be compatible with Admin\Controller\CommonController::setStatus($data, $models) C:\wamp\www\licms\Application\Admin\Controller\AdminController.class.php 第 9 行.
INFO: [ view_parse ] --START--
INFO: [ template_filter ] --START--
INFO: Run Behavior\ContentReplaceBehavior [ RunTime:0.000084s ]
INFO: [ template_filter ] --END-- [ RunTime:0.000208s ]
NOTIC: [2048] Declaration of Common\Model\MenuModel::find() should be compatible with Think\Model::find($options = Array) C:\wamp\www\licms\Application\Common\Model\MenuModel.class.php 第 11 行.
SQL: SHOW COLUMNS FROM `cms_menu` [ RunTime:0.0097s ]
SQL: SELECT * FROM `cms_menu` WHERE `status` <> -1 AND `type` = 1 ORDER BY listorder desc,menu_id desc  [ RunTime:0.0005s ]
NOTIC: [8] Undefined index: a C:\wamp\www\licms\Application\Common\Common\function.php 第 35 行.
NOTIC: [8] Undefined index: a C:\wamp\www\licms\Application\Common\Common\function.php 第 35 行.
NOTIC: [8] Undefined index: a C:\wamp\www\licms\Application\Common\Common\function.php 第 35 行.
NOTIC: [8] Undefined index: a C:\wamp\www\licms\Application\Common\Common\function.php 第 35 行.
NOTIC: [8] Undefined index: a C:\wamp\www\licms\Application\Common\Common\function.php 第 35 行.
NOTIC: [8] Undefined index: a C:\wamp\www\licms\Application\Common\Common\function.php 第 35 行.
INFO: Run Behavior\ParseTemplateBehavior [ RunTime:0.071452s ]
INFO: [ view_parse ] --END-- [ RunTime:0.071582s ]
INFO: [ view_filter ] --START--
INFO: Run Behavior\WriteHtmlCacheBehavior [ RunTime:0.000536s ]
INFO: [ view_filter ] --END-- [ RunTime:0.000683s ]
INFO: [ app_end ] --START--
INFO: Run Behavior\ShowPageTraceBehavior [ RunTime:0.000579s ]
INFO: [ app_end ] --END-- [ RunTime:0.000697s ]

[ 2016-08-14T09:10:48+08:00 ] 127.0.0.1 /admin.php?c=admin&a=add
INFO: [ app_init ] --START--
INFO: Run Behavior\BuildLiteBehavior [ RunTime:0.000027s ]
INFO: [ app_init ] --END-- [ RunTime:0.000389s ]
INFO: [ app_begin ] --START--
INFO: Run Behavior\ReadHtmlCacheBehavior [ RunTime:0.000427s ]
INFO: [ app_begin ] --END-- [ RunTime:0.000532s ]
NOTIC: [2048] Declaration of Admin\Controller\AdminController::setStatus() should be compatible with Admin\Controller\CommonController::setStatus($data, $models) C:\wamp\www\licms\Application\Admin\Controller\AdminController.class.php 第 9 行.
SQL: SHOW COLUMNS FROM `cms_admin` [ RunTime:0.0114s ]
SQL: SELECT * FROM `cms_admin` WHERE ( username="i" ) LIMIT 1   [ RunTime:0.0004s ]
SQL: INSERT INTO `cms_admin` (`username`,`password`,`realname`) VALUES ('i','08bd6182e70b8ef109d2c5050d5ecf80','w') [ RunTime:0.1067s ]

[ 2016-08-14T09:10:49+08:00 ] 127.0.0.1 /admin.php?c=admin
INFO: [ app_init ] --START--
INFO: Run Behavior\BuildLiteBehavior [ RunTime:0.000027s ]
INFO: [ app_init ] --END-- [ RunTime:0.000407s ]
INFO: [ app_begin ] --START--
INFO: Run Behavior\ReadHtmlCacheBehavior [ RunTime:0.000456s ]
INFO: [ app_begin ] --END-- [ RunTime:0.000595s ]
NOTIC: [2048] Declaration of Admin\Controller\AdminController::setStatus() should be compatible with Admin\Controller\CommonController::setStatus($data, $models) C:\wamp\www\licms\Application\Admin\Controller\AdminController.class.php 第 9 行.
SQL: SHOW COLUMNS FROM `cms_admin` [ RunTime:0.0108s ]
SQL: SELECT * FROM `cms_admin` WHERE `status` <> -1 ORDER BY admin_id desc  [ RunTime:0.0004s ]
INFO: [ view_parse ] --START--
INFO: [ template_filter ] --START--
INFO: Run Behavior\ContentReplaceBehavior [ RunTime:0.000091s ]
INFO: [ template_filter ] --END-- [ RunTime:0.000211s ]
NOTIC: [2048] Declaration of Common\Model\MenuModel::find() should be compatible with Think\Model::find($options = Array) C:\wamp\www\licms\Application\Common\Model\MenuModel.class.php 第 101 行.
SQL: SHOW COLUMNS FROM `cms_menu` [ RunTime:0.0071s ]
SQL: SELECT * FROM `cms_menu` WHERE `status` <> -1 AND `type` = 1 ORDER BY listorder desc,menu_id desc  [ RunTime:0.0004s ]
NOTIC: [8] Undefined index: a C:\wamp\www\licms\Application\Common\Common\function.php 第 35 行.
NOTIC: [8] Undefined index: a C:\wamp\www\licms\Application\Common\Common\function.php 第 35 行.
NOTIC: [8] Undefined index: a C:\wamp\www\licms\Application\Common\Common\function.php 第 35 行.
NOTIC: [8] Undefined index: a C:\wamp\www\licms\Application\Common\Common\function.php 第 35 行.
NOTIC: [8] Undefined index: a C:\wamp\www\licms\Application\Common\Common\function.php 第 35 行.
NOTIC: [8] Undefined index: a C:\wamp\www\licms\Application\Common\Common\function.php 第 35 行.
NOTIC: [8] Array to string conversion C:\wamp\www\licms\Application\Runtime\Cache\Admin\b682812e058c4f7cab74d08ab9eabe11.php 第 105 行.
INFO: Run Behavior\ParseTemplateBehavior [ RunTime:0.022542s ]
INFO: [ view_parse ] --END-- [ RunTime:0.022672s ]
INFO: [ view_filter ] --START--
INFO: Run Behavior\WriteHtmlCacheBehavior [ RunTime:0.000467s ]
INFO: [ view_filter ] --END-- [ RunTime:0.000587s ]
INFO: [ app_end ] --START--
INFO: Run Behavior\ShowPageTraceBehavior [ RunTime:0.000554s ]
INFO: [ app_end ] --END-- [ RunTime:0.000671s ]

[ 2016-08-14T09:10:52+08:00 ] 127.0.0.1 /admin.php?m=admin&c=login&a=loginout
INFO: [ app_init ] --START--
INFO: Run Behavior\BuildLiteBehavior [ RunTime:0.000030s ]
INFO: [ app_init ] --END-- [ RunTime:0.000700s ]
INFO: [ app_begin ] --START--
INFO: Run Behavior\ReadHtmlCacheBehavior [ RunTime:0.000442s ]
INFO: [ app_begin ] --END-- [ RunTime:0.000566s ]
NOTIC: [8] Undefined variable: sing_path C:\wamp\www\licms\ThinkPHP\Common\functions.php 第 991 行.
NOTIC: [8] Undefined variable: module C:\wamp\www\licms\ThinkPHP\Common\functions.php 第 994 行.
NOTIC: [8] Undefined variable: var C:\wamp\www\licms\ThinkPHP\Common\functions.php 第 997 行.
NOTIC: [2] array_reverse() expects parameter 1 to be array, null given C:\wamp\www\licms\ThinkPHP\Common\functions.php 第 997 行.
NOTIC: [2] http_build_query(): Parameter 1 expected to be Array or Object.  Incorrect value given C:\wamp\www\licms\ThinkPHP\Common\functions.php 第 997 行.

[ 2016-08-14T09:10:52+08:00 ] 127.0.0.1 /admin.php?&m=admin&c=login&a=index
INFO: [ app_init ] --START--
INFO: Run Behavior\BuildLiteBehavior [ RunTime:0.000025s ]
INFO: [ app_init ] --END-- [ RunTime:0.000408s ]
INFO: [ app_begin ] --START--
INFO: Run Behavior\ReadHtmlCacheBehavior [ RunTime:0.000786s ]
INFO: [ app_begin ] --END-- [ RunTime:0.000967s ]
INFO: [ view_parse ] --START--
INFO: [ template_filter ] --START--
INFO: Run Behavior\ContentReplaceBehavior [ RunTime:0.000074s ]
INFO: [ template_filter ] --END-- [ RunTime:0.000203s ]
INFO: Run Behavior\ParseTemplateBehavior [ RunTime:0.013907s ]
INFO: [ view_parse ] --END-- [ RunTime:0.014051s ]
INFO: [ view_filter ] --START--
INFO: Run Behavior\WriteHtmlCacheBehavior [ RunTime:0.000491s ]
INFO: [ view_filter ] --END-- [ RunTime:0.000633s ]
INFO: [ app_end ] --START--
INFO: Run Behavior\ShowPageTraceBehavior [ RunTime:0.000689s ]
INFO: [ app_end ] --END-- [ RunTime:0.000846s ]

[ 2016-08-14T09:10:58+08:00 ] 127.0.0.1 /admin.php?m=admin&c=login&a=check
INFO: [ app_init ] --START--
INFO: Run Behavior\BuildLiteBehavior [ RunTime:0.000028s ]
INFO: [ app_init ] --END-- [ RunTime:0.000414s ]
INFO: [ app_begin ] --START--
INFO: Run Behavior\ReadHtmlCacheBehavior [ RunTime:0.000444s ]
INFO: [ app_begin ] --END-- [ RunTime:0.000563s ]
SQL: SHOW COLUMNS FROM `cms_admin` [ RunTime:0.0109s ]
SQL: SELECT * FROM `cms_admin` WHERE ( username="i" ) LIMIT 1   [ RunTime:0.0005s ]
SQL: UPDATE `cms_admin` SET `lastlogintime`='1471137058' WHERE ( admin_id=10 ) [ RunTime:0.0004s ]

[ 2016-08-14T09:10:59+08:00 ] 127.0.0.1 /admin.php?m=admin&c=index
INFO: [ app_init ] --START--
INFO: Run Behavior\BuildLiteBehavior [ RunTime:0.000026s ]
INFO: [ app_init ] --END-- [ RunTime:0.000390s ]
INFO: [ app_begin ] --START--
INFO: Run Behavior\ReadHtmlCacheBehavior [ RunTime:0.000432s ]
INFO: [ app_begin ] --END-- [ RunTime:0.000582s ]
NOTIC: [2048] Declaration of Common\Model\NewsModel::find() should be compatible with Think\Model::find($options = Array) C:\wamp\www\licms\Application\Common\Model\NewsModel.class.php 第 10 行.
SQL: SHOW COLUMNS FROM `cms_news` [ RunTime:0.0306s ]
SQL: SELECT * FROM `cms_news` WHERE `status` = 1 ORDER BY count desc LIMIT 1   [ RunTime:0.0004s ]
SQL: SELECT COUNT(*) AS tp_count FROM `cms_news` WHERE `status` = 1 LIMIT 1   [ RunTime:0.0002s ]
NOTIC: [2048] Declaration of Common\Model\PositionModel::find() should be compatible with Think\Model::find($options = Array) C:\wamp\www\licms\Application\Common\Model\PositionModel.class.php 第 103 行.
SQL: SHOW COLUMNS FROM `cms_position` [ RunTime:0.0073s ]
SQL: SELECT COUNT(*) AS tp_count FROM `cms_position` WHERE `status` = 1 LIMIT 1   [ RunTime:0.0003s ]
SQL: SHOW COLUMNS FROM `cms_admin` [ RunTime:0.0074s ]
SQL: SELECT COUNT(*) AS tp_count FROM `cms_admin` WHERE `status` = 1 AND `lastlogintime` > 1471104000 LIMIT 1   [ RunTime:0.0003s ]
NOTIC: [2] Illegal string offset 'tp_count' C:\wamp\www\licms\Application\Common\Model\AdminModel.class.php 第 75 行.
INFO: [ view_parse ] --START--
INFO: [ template_filter ] --START--
INFO: Run Behavior\ContentReplaceBehavior [ RunTime:0.000109s ]
INFO: [ template_filter ] --END-- [ RunTime:0.000247s ]
NOTIC: [2048] Declaration of Common\Model\MenuModel::find() should be compatible with Think\Model::find($options = Array) C:\wamp\www\licms\Application\Common\Model\MenuModel.class.php 第 101 行.
SQL: SHOW COLUMNS FROM `cms_menu` [ RunTime:0.0074s ]
SQL: SELECT * FROM `cms_menu` WHERE `status` <> -1 AND `type` = 1 ORDER BY listorder desc,menu_id desc  [ RunTime:0.0004s ]
NOTIC: [8] Undefined index: a C:\wamp\www\licms\Application\Common\Common\function.php 第 35 行.
NOTIC: [8] Undefined index: a C:\wamp\www\licms\Application\Common\Common\function.php 第 35 行.
NOTIC: [8] Undefined index: a C:\wamp\www\licms\Application\Common\Common\function.php 第 35 行.
NOTIC: [8] Undefined index: a C:\wamp\www\licms\Application\Common\Common\function.php 第 35 行.
NOTIC: [8] Undefined index: a C:\wamp\www\licms\Application\Common\Common\function.php 第 35 行.
INFO: Run Behavior\ParseTemplateBehavior [ RunTime:0.040735s ]
INFO: [ view_parse ] --END-- [ RunTime:0.040867s ]
INFO: [ view_filter ] --START--
INFO: Run Behavior\WriteHtmlCacheBehavior [ RunTime:0.000489s ]
INFO: [ view_filter ] --END-- [ RunTime:0.000602s ]
INFO: [ app_end ] --START--
INFO: Run Behavior\ShowPageTraceBehavior [ RunTime:0.000993s ]
INFO: [ app_end ] --END-- [ RunTime:0.001179s ]

[ 2016-08-14T09:11:01+08:00 ] 127.0.0.1 /admin.php?c=basic
INFO: [ app_init ] --START--
INFO: Run Behavior\BuildLiteBehavior [ RunTime:0.000027s ]
INFO: [ app_init ] --END-- [ RunTime:0.000389s ]
INFO: [ app_begin ] --START--
INFO: Run Behavior\ReadHtmlCacheBehavior [ RunTime:0.000433s ]
INFO: [ app_begin ] --END-- [ RunTime:0.000553s ]
NOTIC: [2048] Declaration of Common\Model\BasicModel::save() should be compatible with Think\Model::save($data = '', $options = Array) C:\wamp\www\licms\Application\Common\Model\BasicModel.class.php 第 11 行.
NOTIC: [2048] Declaration of Common\Model\BasicModel::select() should be compatible with Think\Model::select($options = Array) C:\wamp\www\licms\Application\Common\Model\BasicModel.class.php 第 11 行.
INFO: [ view_parse ] --START--
INFO: [ template_filter ] --START--
INFO: Run Behavior\ContentReplaceBehavior [ RunTime:0.000082s ]
INFO: [ template_filter ] --END-- [ RunTime:0.000215s ]
NOTIC: [2048] Declaration of Common\Model\MenuModel::find() should be compatible with Think\Model::find($options = Array) C:\wamp\www\licms\Application\Common\Model\MenuModel.class.php 第 101 行.
SQL: SHOW COLUMNS FROM `cms_menu` [ RunTime:0.0099s ]
SQL: SELECT * FROM `cms_menu` WHERE `status` <> -1 AND `type` = 1 ORDER BY listorder desc,menu_id desc  [ RunTime:0.0004s ]
NOTIC: [8] Undefined index: a C:\wamp\www\licms\Application\Common\Common\function.php 第 35 行.
NOTIC: [8] Undefined index: a C:\wamp\www\licms\Application\Common\Common\function.php 第 35 行.
NOTIC: [8] Undefined index: a C:\wamp\www\licms\Application\Common\Common\function.php 第 35 行.
NOTIC: [8] Undefined index: a C:\wamp\www\licms\Application\Common\Common\function.php 第 35 行.
NOTIC: [8] Undefined index: a C:\wamp\www\licms\Application\Common\Common\function.php 第 35 行.
INFO: Run Behavior\ParseTemplateBehavior [ RunTime:0.027773s ]
INFO: [ view_parse ] --END-- [ RunTime:0.027895s ]
INFO: [ view_filter ] --START--
INFO: Run Behavior\WriteHtmlCacheBehavior [ RunTime:0.000513s ]
INFO: [ view_filter ] --END-- [ RunTime:0.000660s ]
INFO: [ app_end ] --START--
INFO: Run Behavior\ShowPageTraceBehavior [ RunTime:0.000567s ]
INFO: [ app_end ] --END-- [ RunTime:0.000682s ]

[ 2016-08-14T09:12:00+08:00 ] 127.0.0.1 /admin.php
INFO: [ app_init ] --START--
INFO: Run Behavior\BuildLiteBehavior [ RunTime:0.000027s ]
INFO: [ app_init ] --END-- [ RunTime:0.000437s ]
INFO: [ app_begin ] --START--
INFO: Run Behavior\ReadHtmlCacheBehavior [ RunTime:0.000464s ]
INFO: [ app_begin ] --END-- [ RunTime:0.000584s ]
NOTIC: [2048] Declaration of Common\Model\NewsModel::find() should be compatible with Think\Model::find($options = Array) C:\wamp\www\licms\Application\Common\Model\NewsModel.class.php 第 10 行.
SQL: SHOW COLUMNS FROM `cms_news` [ RunTime:0.0099s ]
SQL: SELECT * FROM `cms_news` WHERE `status` = 1 ORDER BY count desc LIMIT 1   [ RunTime:0.0004s ]
SQL: SELECT COUNT(*) AS tp_count FROM `cms_news` WHERE `status` = 1 LIMIT 1   [ RunTime:0.0002s ]
NOTIC: [2048] Declaration of Common\Model\PositionModel::find() should be compatible with Think\Model::find($options = Array) C:\wamp\www\licms\Application\Common\Model\PositionModel.class.php 第 103 行.
SQL: SHOW COLUMNS FROM `cms_position` [ RunTime:0.0424s ]
SQL: SELECT COUNT(*) AS tp_count FROM `cms_position` WHERE `status` = 1 LIMIT 1   [ RunTime:0.0003s ]
SQL: SHOW COLUMNS FROM `cms_admin` [ RunTime:0.0079s ]
SQL: SELECT COUNT(*) AS tp_count FROM `cms_admin` WHERE `status` = 1 AND `lastlogintime` > 1471104000 LIMIT 1   [ RunTime:0.0004s ]
NOTIC: [2] Illegal string offset 'tp_count' C:\wamp\www\licms\Application\Common\Model\AdminModel.class.php 第 75 行.
INFO: [ view_parse ] --START--
INFO: [ template_filter ] --START--
INFO: Run Behavior\ContentReplaceBehavior [ RunTime:0.000097s ]
INFO: [ template_filter ] --END-- [ RunTime:0.000243s ]
NOTIC: [2048] Declaration of Common\Model\MenuModel::find() should be compatible with Think\Model::find($options = Array) C:\wamp\www\licms\Application\Common\Model\MenuModel.class.php 第 101 行.
SQL: SHOW COLUMNS FROM `cms_menu` [ RunTime:0.0072s ]
SQL: SELECT * FROM `cms_menu` WHERE `status` <> -1 AND `type` = 1 ORDER BY listorder desc,menu_id desc  [ RunTime:0.0006s ]
NOTIC: [8] Undefined index: a C:\wamp\www\licms\Application\Common\Common\function.php 第 35 行.
NOTIC: [8] Undefined index: a C:\wamp\www\licms\Application\Common\Common\function.php 第 35 行.
NOTIC: [8] Undefined index: a C:\wamp\www\licms\Application\Common\Common\function.php 第 35 行.
NOTIC: [8] Undefined index: a C:\wamp\www\licms\Application\Common\Common\function.php 第 35 行.
NOTIC: [8] Undefined index: a C:\wamp\www\licms\Application\Common\Common\function.php 第 35 行.
INFO: Run Behavior\ParseTemplateBehavior [ RunTime:0.048212s ]
INFO: [ view_parse ] --END-- [ RunTime:0.048338s ]
INFO: [ view_filter ] --START--
INFO: Run Behavior\WriteHtmlCacheBehavior [ RunTime:0.000514s ]
INFO: [ view_filter ] --END-- [ RunTime:0.000632s ]
INFO: [ app_end ] --START--
INFO: Run Behavior\ShowPageTraceBehavior [ RunTime:0.001103s ]
INFO: [ app_end ] --END-- [ RunTime:0.001355s ]

[ 2016-08-14T09:12:06+08:00 ] 127.0.0.1 /admin.php?c=content
INFO: [ app_init ] --START--
INFO: Run Behavior\BuildLiteBehavior [ RunTime:0.000086s ]
INFO: [ app_init ] --END-- [ RunTime:0.000737s ]
INFO: [ app_begin ] --START--
INFO: Run Behavior\ReadHtmlCacheBehavior [ RunTime:0.000561s ]
INFO: [ app_begin ] --END-- [ RunTime:0.000720s ]
NOTIC: [2048] Declaration of Admin\Controller\ContentController::setStatus() should be compatible with Admin\Controller\CommonController::setStatus($data, $models) C:\wamp\www\licms\Application\Admin\Controller\ContentController.class.php 第 16 行.
NOTIC: [2048] Declaration of Admin\Controller\ContentController::listorder() should be compatible with Admin\Controller\CommonController::listorder($model = '') C:\wamp\www\licms\Application\Admin\Controller\ContentController.class.php 第 16 行.
NOTIC: [8] Undefined index: status C:\wamp\www\licms\Application\Admin\Controller\ContentController.class.php 第 23 行.
NOTIC: [8] Undefined index: title C:\wamp\www\licms\Application\Admin\Controller\ContentController.class.php 第 28 行.
NOTIC: [8] Undefined index: catid C:\wamp\www\licms\Application\Admin\Controller\ContentController.class.php 第 32 行.
NOTIC: [8] Undefined index: p C:\wamp\www\licms\Application\Admin\Controller\ContentController.class.php 第 35 行.
NOTIC: [2048] Declaration of Common\Model\NewsModel::find() should be compatible with Think\Model::find($options = Array) C:\wamp\www\licms\Application\Common\Model\NewsModel.class.php 第 10 行.
SQL: SHOW COLUMNS FROM `cms_news` [ RunTime:0.0101s ]
SQL: SELECT * FROM `cms_news` WHERE `status` <> '-1' ORDER BY listorder desc,news_id desc LIMIT 0,3   [ RunTime:0.0251s ]
SQL: SELECT COUNT(*) AS tp_count FROM `cms_news` LIMIT 1   [ RunTime:0.0002s ]
NOTIC: [8] Undefined variable: sing_path C:\wamp\www\licms\ThinkPHP\Common\functions.php 第 991 行.
NOTIC: [2048] Declaration of Common\Model\PositionModel::find() should be compatible with Think\Model::find($options = Array) C:\wamp\www\licms\Application\Common\Model\PositionModel.class.php 第 103 行.
SQL: SHOW COLUMNS FROM `cms_position` [ RunTime:0.0081s ]
SQL: SELECT * FROM `cms_position` WHERE `status` = 1 ORDER BY id  [ RunTime:0.0004s ]
NOTIC: [2048] Declaration of Common\Model\MenuModel::find() should be compatible with Think\Model::find($options = Array) C:\wamp\www\licms\Application\Common\Model\MenuModel.class.php 第 101 行.
SQL: SHOW COLUMNS FROM `cms_menu` [ RunTime:0.0073s ]
SQL: SELECT * FROM `cms_menu` WHERE `status` = 1 AND `type` = 0 ORDER BY listorder desc,menu_id desc  [ RunTime:0.0004s ]
INFO: [ view_parse ] --START--
INFO: [ template_filter ] --START--
INFO: Run Behavior\ContentReplaceBehavior [ RunTime:0.000204s ]
INFO: [ template_filter ] --END-- [ RunTime:0.000444s ]
SQL: SELECT * FROM `cms_menu` WHERE `status` <> -1 AND `type` = 1 ORDER BY listorder desc,menu_id desc  [ RunTime:0.0004s ]
NOTIC: [8] Undefined index: a C:\wamp\www\licms\Application\Common\Common\function.php 第 35 行.
NOTIC: [8] Undefined index: a C:\wamp\www\licms\Application\Common\Common\function.php 第 35 行.
NOTIC: [8] Undefined index: a C:\wamp\www\licms\Application\Common\Common\function.php 第 35 行.
NOTIC: [8] Undefined index: a C:\wamp\www\licms\Application\Common\Common\function.php 第 35 行.
NOTIC: [8] Undefined index: a C:\wamp\www\licms\Application\Common\Common\function.php 第 35 行.
INFO: Run Behavior\ParseTemplateBehavior [ RunTime:0.125608s ]
INFO: [ view_parse ] --END-- [ RunTime:0.125743s ]
INFO: [ view_filter ] --START--
INFO: Run Behavior\WriteHtmlCacheBehavior [ RunTime:0.000468s ]
INFO: [ view_filter ] --END-- [ RunTime:0.000591s ]
INFO: [ app_end ] --START--
INFO: Run Behavior\ShowPageTraceBehavior [ RunTime:0.001004s ]
INFO: [ app_end ] --END-- [ RunTime:0.001239s ]

[ 2016-08-14T09:12:08+08:00 ] 127.0.0.1 /admin.php?m=Admin&c=Content&a=index&p=2
INFO: [ app_init ] --START--
INFO: Run Behavior\BuildLiteBehavior [ RunTime:0.000028s ]
INFO: [ app_init ] --END-- [ RunTime:0.000421s ]
INFO: [ app_begin ] --START--
INFO: Run Behavior\ReadHtmlCacheBehavior [ RunTime:0.000463s ]
INFO: [ app_begin ] --END-- [ RunTime:0.000586s ]
NOTIC: [2048] Declaration of Admin\Controller\ContentController::setStatus() should be compatible with Admin\Controller\CommonController::setStatus($data, $models) C:\wamp\www\licms\Application\Admin\Controller\ContentController.class.php 第 16 行.
NOTIC: [2048] Declaration of Admin\Controller\ContentController::listorder() should be compatible with Admin\Controller\CommonController::listorder($model = '') C:\wamp\www\licms\Application\Admin\Controller\ContentController.class.php 第 16 行.
NOTIC: [8] Undefined index: status C:\wamp\www\licms\Application\Admin\Controller\ContentController.class.php 第 23 行.
NOTIC: [8] Undefined index: title C:\wamp\www\licms\Application\Admin\Controller\ContentController.class.php 第 28 行.
NOTIC: [8] Undefined index: catid C:\wamp\www\licms\Application\Admin\Controller\ContentController.class.php 第 32 行.
NOTIC: [2048] Declaration of Common\Model\NewsModel::find() should be compatible with Think\Model::find($options = Array) C:\wamp\www\licms\Application\Common\Model\NewsModel.class.php 第 10 行.
SQL: SHOW COLUMNS FROM `cms_news` [ RunTime:0.0106s ]
SQL: SELECT * FROM `cms_news` WHERE `status` <> '-1' ORDER BY listorder desc,news_id desc LIMIT 3,3   [ RunTime:0.0005s ]
SQL: SELECT COUNT(*) AS tp_count FROM `cms_news` LIMIT 1   [ RunTime:0.0002s ]
NOTIC: [8] Undefined variable: sing_path C:\wamp\www\licms\ThinkPHP\Common\functions.php 第 991 行.
NOTIC: [2048] Declaration of Common\Model\PositionModel::find() should be compatible with Think\Model::find($options = Array) C:\wamp\www\licms\Application\Common\Model\PositionModel.class.php 第 103 行.
SQL: SHOW COLUMNS FROM `cms_position` [ RunTime:0.0104s ]
SQL: SELECT * FROM `cms_position` WHERE `status` = 1 ORDER BY id  [ RunTime:0.0004s ]
NOTIC: [2048] Declaration of Common\Model\MenuModel::find() should be compatible with Think\Model::find($options = Array) C:\wamp\www\licms\Application\Common\Model\MenuModel.class.php 第 101 行.
SQL: SHOW COLUMNS FROM `cms_menu` [ RunTime:0.0076s ]
SQL: SELECT * FROM `cms_menu` WHERE `status` = 1 AND `type` = 0 ORDER BY listorder desc,menu_id desc  [ RunTime:0.0009s ]
INFO: [ view_parse ] --START--
INFO: [ template_filter ] --START--
INFO: Run Behavior\ContentReplaceBehavior [ RunTime:0.056702s ]
INFO: [ template_filter ] --END-- [ RunTime:0.056853s ]
SQL: SELECT * FROM `cms_menu` WHERE `status` <> -1 AND `type` = 1 ORDER BY listorder desc,menu_id desc  [ RunTime:0.0004s ]
NOTIC: [8] Undefined index: a C:\wamp\www\licms\Application\Common\Common\function.php 第 35 行.
NOTIC: [8] Undefined index: a C:\wamp\www\licms\Application\Common\Common\function.php 第 35 行.
NOTIC: [8] Undefined index: a C:\wamp\www\licms\Application\Common\Common\function.php 第 35 行.
NOTIC: [8] Undefined index: a C:\wamp\www\licms\Application\Common\Common\function.php 第 35 行.
NOTIC: [8] Undefined index: a C:\wamp\www\licms\Application\Common\Common\function.php 第 35 行.
INFO: Run Behavior\ParseTemplateBehavior [ RunTime:0.120435s ]
INFO: [ view_parse ] --END-- [ RunTime:0.120567s ]
INFO: [ view_filter ] --START--
INFO: Run Behavior\WriteHtmlCacheBehavior [ RunTime:0.000450s ]
INFO: [ view_filter ] --END-- [ RunTime:0.000568s ]
INFO: [ app_end ] --START--
INFO: Run Behavior\ShowPageTraceBehavior [ RunTime:0.001019s ]
INFO: [ app_end ] --END-- [ RunTime:0.001254s ]

[ 2016-08-14T09:12:10+08:00 ] 127.0.0.1 /admin.php?m=Admin&c=Content&a=index&p=3
INFO: [ app_init ] --START--
INFO: Run Behavior\BuildLiteBehavior [ RunTime:0.000028s ]
INFO: [ app_init ] --END-- [ RunTime:0.000388s ]
INFO: [ app_begin ] --START--
INFO: Run Behavior\ReadHtmlCacheBehavior [ RunTime:0.000473s ]
INFO: [ app_begin ] --END-- [ RunTime:0.000595s ]
NOTIC: [2048] Declaration of Admin\Controller\ContentController::setStatus() should be compatible with Admin\Controller\CommonController::setStatus($data, $models) C:\wamp\www\licms\Application\Admin\Controller\ContentController.class.php 第 16 行.
NOTIC: [2048] Declaration of Admin\Controller\ContentController::listorder() should be compatible with Admin\Controller\CommonController::listorder($model = '') C:\wamp\www\licms\Application\Admin\Controller\ContentController.class.php 第 16 行.
NOTIC: [8] Undefined index: status C:\wamp\www\licms\Application\Admin\Controller\ContentController.class.php 第 23 行.
NOTIC: [8] Undefined index: title C:\wamp\www\licms\Application\Admin\Controller\ContentController.class.php 第 28 行.
NOTIC: [8] Undefined index: catid C:\wamp\www\licms\Application\Admin\Controller\ContentController.class.php 第 32 行.
NOTIC: [2048] Declaration of Common\Model\NewsModel::find() should be compatible with Think\Model::find($options = Array) C:\wamp\www\licms\Application\Common\Model\NewsModel.class.php 第 10 行.
SQL: SHOW COLUMNS FROM `cms_news` [ RunTime:0.0856s ]
SQL: SELECT * FROM `cms_news` WHERE `status` <> '-1' ORDER BY listorder desc,news_id desc LIMIT 6,3   [ RunTime:0.0010s ]
SQL: SELECT COUNT(*) AS tp_count FROM `cms_news` LIMIT 1   [ RunTime:0.0004s ]
NOTIC: [8] Undefined variable: sing_path C:\wamp\www\licms\ThinkPHP\Common\functions.php 第 991 行.
NOTIC: [2048] Declaration of Common\Model\PositionModel::find() should be compatible with Think\Model::find($options = Array) C:\wamp\www\licms\Application\Common\Model\PositionModel.class.php 第 103 行.
SQL: SHOW COLUMNS FROM `cms_position` [ RunTime:0.0165s ]
SQL: SELECT * FROM `cms_position` WHERE `status` = 1 ORDER BY id  [ RunTime:0.0007s ]
NOTIC: [2048] Declaration of Common\Model\MenuModel::find() should be compatible with Think\Model::find($options = Array) C:\wamp\www\licms\Application\Common\Model\MenuModel.class.php 第 101 行.
SQL: SHOW COLUMNS FROM `cms_menu` [ RunTime:0.0182s ]
SQL: SELECT * FROM `cms_menu` WHERE `status` = 1 AND `type` = 0 ORDER BY listorder desc,menu_id desc  [ RunTime:0.0008s ]
INFO: [ view_parse ] --START--
INFO: [ template_filter ] --START--
INFO: Run Behavior\ContentReplaceBehavior [ RunTime:0.000193s ]
INFO: [ template_filter ] --END-- [ RunTime:0.000429s ]
SQL: SELECT * FROM `cms_menu` WHERE `status` <> -1 AND `type` = 1 ORDER BY listorder desc,menu_id desc  [ RunTime:0.0005s ]
NOTIC: [8] Undefined index: a C:\wamp\www\licms\Application\Common\Common\function.php 第 35 行.
NOTIC: [8] Undefined index: a C:\wamp\www\licms\Application\Common\Common\function.php 第 35 行.
NOTIC: [8] Undefined index: a C:\wamp\www\licms\Application\Common\Common\function.php 第 35 行.
NOTIC: [8] Undefined index: a C:\wamp\www\licms\Application\Common\Common\function.php 第 35 行.
NOTIC: [8] Undefined index: a C:\wamp\www\licms\Application\Common\Common\function.php 第 35 行.
INFO: Run Behavior\ParseTemplateBehavior [ RunTime:0.105515s ]
INFO: [ view_parse ] --END-- [ RunTime:0.105752s ]
INFO: [ view_filter ] --START--
INFO: Run Behavior\WriteHtmlCacheBehavior [ RunTime:0.000534s ]
INFO: [ view_filter ] --END-- [ RunTime:0.000683s ]
INFO: [ app_end ] --START--
INFO: Run Behavior\ShowPageTraceBehavior [ RunTime:0.000656s ]
INFO: [ app_end ] --END-- [ RunTime:0.000787s ]

[ 2016-08-14T09:12:12+08:00 ] 127.0.0.1 /admin.php?m=Admin&c=Content&a=index&p=4
INFO: [ app_init ] --START--
INFO: Run Behavior\BuildLiteBehavior [ RunTime:0.000027s ]
INFO: [ app_init ] --END-- [ RunTime:0.000431s ]
INFO: [ app_begin ] --START--
INFO: Run Behavior\ReadHtmlCacheBehavior [ RunTime:0.000464s ]
INFO: [ app_begin ] --END-- [ RunTime:0.000584s ]
NOTIC: [2048] Declaration of Admin\Controller\ContentController::setStatus() should be compatible with Admin\Controller\CommonController::setStatus($data, $models) C:\wamp\www\licms\Application\Admin\Controller\ContentController.class.php 第 16 行.
NOTIC: [2048] Declaration of Admin\Controller\ContentController::listorder() should be compatible with Admin\Controller\CommonController::listorder($model = '') C:\wamp\www\licms\Application\Admin\Controller\ContentController.class.php 第 16 行.
NOTIC: [8] Undefined index: status C:\wamp\www\licms\Application\Admin\Controller\ContentController.class.php 第 23 行.
NOTIC: [8] Undefined index: title C:\wamp\www\licms\Application\Admin\Controller\ContentController.class.php 第 28 行.
NOTIC: [8] Undefined index: catid C:\wamp\www\licms\Application\Admin\Controller\ContentController.class.php 第 32 行.
NOTIC: [2048] Declaration of Common\Model\NewsModel::find() should be compatible with Think\Model::find($options = Array) C:\wamp\www\licms\Application\Common\Model\NewsModel.class.php 第 10 行.
SQL: SHOW COLUMNS FROM `cms_news` [ RunTime:0.0100s ]
SQL: SELECT * FROM `cms_news` WHERE `status` <> '-1' ORDER BY listorder desc,news_id desc LIMIT 9,3   [ RunTime:0.0005s ]
SQL: SELECT COUNT(*) AS tp_count FROM `cms_news` LIMIT 1   [ RunTime:0.0002s ]
NOTIC: [8] Undefined variable: sing_path C:\wamp\www\licms\ThinkPHP\Common\functions.php 第 991 行.
NOTIC: [2048] Declaration of Common\Model\PositionModel::find() should be compatible with Think\Model::find($options = Array) C:\wamp\www\licms\Application\Common\Model\PositionModel.class.php 第 103 行.
SQL: SHOW COLUMNS FROM `cms_position` [ RunTime:0.0076s ]
SQL: SELECT * FROM `cms_position` WHERE `status` = 1 ORDER BY id  [ RunTime:0.0004s ]
NOTIC: [2048] Declaration of Common\Model\MenuModel::find() should be compatible with Think\Model::find($options = Array) C:\wamp\www\licms\Application\Common\Model\MenuModel.class.php 第 101 行.
SQL: SHOW COLUMNS FROM `cms_menu` [ RunTime:0.0173s ]
SQL: SELECT * FROM `cms_menu` WHERE `status` = 1 AND `type` = 0 ORDER BY listorder desc,menu_id desc  [ RunTime:0.0004s ]
INFO: [ view_parse ] --START--
INFO: [ template_filter ] --START--
INFO: Run Behavior\ContentReplaceBehavior [ RunTime:0.000106s ]
INFO: [ template_filter ] --END-- [ RunTime:0.000235s ]
SQL: SELECT * FROM `cms_menu` WHERE `status` <> -1 AND `type` = 1 ORDER BY listorder desc,menu_id desc  [ RunTime:0.0004s ]
NOTIC: [8] Undefined index: a C:\wamp\www\licms\Application\Common\Common\function.php 第 35 行.
NOTIC: [8] Undefined index: a C:\wamp\www\licms\Application\Common\Common\function.php 第 35 行.
NOTIC: [8] Undefined index: a C:\wamp\www\licms\Application\Common\Common\function.php 第 35 行.
NOTIC: [8] Undefined index: a C:\wamp\www\licms\Application\Common\Common\function.php 第 35 行.
NOTIC: [8] Undefined index: a C:\wamp\www\licms\Application\Common\Common\function.php 第 35 行.
INFO: Run Behavior\ParseTemplateBehavior [ RunTime:0.072360s ]
INFO: [ view_parse ] --END-- [ RunTime:0.072499s ]
INFO: [ view_filter ] --START--
INFO: Run Behavior\WriteHtmlCacheBehavior [ RunTime:0.001150s ]
INFO: [ view_filter ] --END-- [ RunTime:0.001333s ]
INFO: [ app_end ] --START--
INFO: Run Behavior\ShowPageTraceBehavior [ RunTime:0.001285s ]
INFO: [ app_end ] --END-- [ RunTime:0.001520s ]

[ 2016-08-14T09:12:14+08:00 ] 127.0.0.1 /admin.php?c=content
INFO: [ app_init ] --START--
INFO: Run Behavior\BuildLiteBehavior [ RunTime:0.000027s ]
INFO: [ app_init ] --END-- [ RunTime:0.000387s ]
INFO: [ app_begin ] --START--
INFO: Run Behavior\ReadHtmlCacheBehavior [ RunTime:0.000503s ]
INFO: [ app_begin ] --END-- [ RunTime:0.000635s ]
NOTIC: [2048] Declaration of Admin\Controller\ContentController::setStatus() should be compatible with Admin\Controller\CommonController::setStatus($data, $models) C:\wamp\www\licms\Application\Admin\Controller\ContentController.class.php 第 16 行.
NOTIC: [2048] Declaration of Admin\Controller\ContentController::listorder() should be compatible with Admin\Controller\CommonController::listorder($model = '') C:\wamp\www\licms\Application\Admin\Controller\ContentController.class.php 第 16 行.
NOTIC: [8] Undefined index: status C:\wamp\www\licms\Application\Admin\Controller\ContentController.class.php 第 23 行.
NOTIC: [8] Undefined index: title C:\wamp\www\licms\Application\Admin\Controller\ContentController.class.php 第 28 行.
NOTIC: [8] Undefined index: catid C:\wamp\www\licms\Application\Admin\Controller\ContentController.class.php 第 32 行.
NOTIC: [8] Undefined index: p C:\wamp\www\licms\Application\Admin\Controller\ContentController.class.php 第 35 行.
NOTIC: [2048] Declaration of Common\Model\NewsModel::find() should be compatible with Think\Model::find($options = Array) C:\wamp\www\licms\Application\Common\Model\NewsModel.class.php 第 10 行.
SQL: SHOW COLUMNS FROM `cms_news` [ RunTime:0.0131s ]
SQL: SELECT * FROM `cms_news` WHERE `status` <> '-1' ORDER BY listorder desc,news_id desc LIMIT 0,3   [ RunTime:0.0006s ]
SQL: SELECT COUNT(*) AS tp_count FROM `cms_news` LIMIT 1   [ RunTime:0.0002s ]
NOTIC: [8] Undefined variable: sing_path C:\wamp\www\licms\ThinkPHP\Common\functions.php 第 991 行.
NOTIC: [2048] Declaration of Common\Model\PositionModel::find() should be compatible with Think\Model::find($options = Array) C:\wamp\www\licms\Application\Common\Model\PositionModel.class.php 第 103 行.
SQL: SHOW COLUMNS FROM `cms_position` [ RunTime:0.0656s ]
SQL: SELECT * FROM `cms_position` WHERE `status` = 1 ORDER BY id  [ RunTime:0.0004s ]
NOTIC: [2048] Declaration of Common\Model\MenuModel::find() should be compatible with Think\Model::find($options = Array) C:\wamp\www\licms\Application\Common\Model\MenuModel.class.php 第 101 行.
SQL: SHOW COLUMNS FROM `cms_menu` [ RunTime:0.0091s ]
SQL: SELECT * FROM `cms_menu` WHERE `status` = 1 AND `type` = 0 ORDER BY listorder desc,menu_id desc  [ RunTime:0.0004s ]
INFO: [ view_parse ] --START--
INFO: [ template_filter ] --START--
INFO: Run Behavior\ContentReplaceBehavior [ RunTime:0.000106s ]
INFO: [ template_filter ] --END-- [ RunTime:0.000233s ]
SQL: SELECT * FROM `cms_menu` WHERE `status` <> -1 AND `type` = 1 ORDER BY listorder desc,menu_id desc  [ RunTime:0.0005s ]
NOTIC: [8] Undefined index: a C:\wamp\www\licms\Application\Common\Common\function.php 第 35 行.
NOTIC: [8] Undefined index: a C:\wamp\www\licms\Application\Common\Common\function.php 第 35 行.
NOTIC: [8] Undefined index: a C:\wamp\www\licms\Application\Common\Common\function.php 第 35 行.
NOTIC: [8] Undefined index: a C:\wamp\www\licms\Application\Common\Common\function.php 第 35 行.
NOTIC: [8] Undefined index: a C:\wamp\www\licms\Application\Common\Common\function.php 第 35 行.
INFO: Run Behavior\ParseTemplateBehavior [ RunTime:0.066410s ]
INFO: [ view_parse ] --END-- [ RunTime:0.066549s ]
INFO: [ view_filter ] --START--
INFO: Run Behavior\WriteHtmlCacheBehavior [ RunTime:0.000561s ]
INFO: [ view_filter ] --END-- [ RunTime:0.000773s ]
INFO: [ app_end ] --START--
INFO: Run Behavior\ShowPageTraceBehavior [ RunTime:0.001051s ]
INFO: [ app_end ] --END-- [ RunTime:0.001294s ]

[ 2016-08-14T09:17:34+08:00 ] 127.0.0.1 /admin.php
INFO: [ app_init ] --START--
INFO: Run Behavior\BuildLiteBehavior [ RunTime:0.000027s ]
INFO: [ app_init ] --END-- [ RunTime:0.000458s ]
INFO: [ app_begin ] --START--
INFO: Run Behavior\ReadHtmlCacheBehavior [ RunTime:0.000560s ]
INFO: [ app_begin ] --END-- [ RunTime:0.000721s ]
NOTIC: [2048] Declaration of Common\Model\NewsModel::find() should be compatible with Think\Model::find($options = Array) C:\wamp\www\licms\Application\Common\Model\NewsModel.class.php 第 10 行.
SQL: SHOW COLUMNS FROM `cms_news` [ RunTime:0.0138s ]
SQL: SELECT * FROM `cms_news` WHERE `status` = 1 ORDER BY count desc LIMIT 1   [ RunTime:0.0005s ]
SQL: SELECT COUNT(*) AS tp_count FROM `cms_news` WHERE `status` = 1 LIMIT 1   [ RunTime:0.0002s ]
NOTIC: [2048] Declaration of Common\Model\PositionModel::find() should be compatible with Think\Model::find($options = Array) C:\wamp\www\licms\Application\Common\Model\PositionModel.class.php 第 103 行.
SQL: SHOW COLUMNS FROM `cms_position` [ RunTime:0.0078s ]
SQL: SELECT COUNT(*) AS tp_count FROM `cms_position` WHERE `status` = 1 LIMIT 1   [ RunTime:0.0004s ]
SQL: SHOW COLUMNS FROM `cms_admin` [ RunTime:0.0072s ]
SQL: SELECT COUNT(*) AS tp_count FROM `cms_admin` WHERE `status` = 1 AND `lastlogintime` > 1471104000 LIMIT 1   [ RunTime:0.0003s ]
NOTIC: [2] Illegal string offset 'tp_count' C:\wamp\www\licms\Application\Common\Model\AdminModel.class.php 第 75 行.
INFO: [ view_parse ] --START--
INFO: [ template_filter ] --START--
INFO: Run Behavior\ContentReplaceBehavior [ RunTime:0.000108s ]
INFO: [ template_filter ] --END-- [ RunTime:0.000252s ]
NOTIC: [2048] Declaration of Common\Model\MenuModel::find() should be compatible with Think\Model::find($options = Array) C:\wamp\www\licms\Application\Common\Model\MenuModel.class.php 第 101 行.
SQL: SHOW COLUMNS FROM `cms_menu` [ RunTime:0.0174s ]
SQL: SELECT * FROM `cms_menu` WHERE `status` <> -1 AND `type` = 1 ORDER BY listorder desc,menu_id desc  [ RunTime:0.0005s ]
NOTIC: [8] Undefined index: a C:\wamp\www\licms\Application\Common\Common\function.php 第 35 行.
NOTIC: [8] Undefined index: a C:\wamp\www\licms\Application\Common\Common\function.php 第 35 行.
NOTIC: [8] Undefined index: a C:\wamp\www\licms\Application\Common\Common\function.php 第 35 行.
NOTIC: [8] Undefined index: a C:\wamp\www\licms\Application\Common\Common\function.php 第 35 行.
NOTIC: [8] Undefined index: a C:\wamp\www\licms\Application\Common\Common\function.php 第 35 行.
INFO: Run Behavior\ParseTemplateBehavior [ RunTime:0.056562s ]
INFO: [ view_parse ] --END-- [ RunTime:0.056693s ]
INFO: [ view_filter ] --START--
INFO: Run Behavior\WriteHtmlCacheBehavior [ RunTime:0.000643s ]
INFO: [ view_filter ] --END-- [ RunTime:0.000783s ]
INFO: [ app_end ] --START--
INFO: Run Behavior\ShowPageTraceBehavior [ RunTime:0.001006s ]
INFO: [ app_end ] --END-- [ RunTime:0.001252s ]

[ 2016-08-14T09:20:25+08:00 ] 127.0.0.1 /admin.php?c=position
INFO: [ app_init ] --START--
INFO: Run Behavior\BuildLiteBehavior [ RunTime:0.000030s ]
INFO: [ app_init ] --END-- [ RunTime:0.000503s ]
INFO: [ app_begin ] --START--
INFO: Run Behavior\ReadHtmlCacheBehavior [ RunTime:0.000550s ]
INFO: [ app_begin ] --END-- [ RunTime:0.000675s ]
NOTIC: [8] Undefined index: id C:\wamp\www\licms\Application\Admin\Controller\PositionController.class.php 第 16 行.
NOTIC: [8] Undefined index: p C:\wamp\www\licms\Application\Admin\Controller\PositionController.class.php 第 20 行.
NOTIC: [2048] Declaration of Common\Model\PositionModel::find() should be compatible with Think\Model::find($options = Array) C:\wamp\www\licms\Application\Common\Model\PositionModel.class.php 第 10 行.
SQL: SHOW COLUMNS FROM `cms_position` [ RunTime:0.0150s ]
SQL: SELECT * FROM `cms_position` WHERE `status` <> -1 ORDER BY id desc LIMIT 0,2   [ RunTime:0.0005s ]
SQL: SELECT COUNT(*) AS tp_count FROM `cms_position` LIMIT 1   [ RunTime:0.0002s ]
NOTIC: [8] Undefined variable: sing_path C:\wamp\www\licms\ThinkPHP\Common\functions.php 第 991 行.
INFO: [ view_parse ] --START--
INFO: [ template_filter ] --START--
INFO: Run Behavior\ContentReplaceBehavior [ RunTime:0.000147s ]
INFO: [ template_filter ] --END-- [ RunTime:0.000349s ]
NOTIC: [2048] Declaration of Common\Model\MenuModel::find() should be compatible with Think\Model::find($options = Array) C:\wamp\www\licms\Application\Common\Model\MenuModel.class.php 第 101 行.
SQL: SHOW COLUMNS FROM `cms_menu` [ RunTime:0.0080s ]
SQL: SELECT * FROM `cms_menu` WHERE `status` <> -1 AND `type` = 1 ORDER BY listorder desc,menu_id desc  [ RunTime:0.0004s ]
NOTIC: [8] Undefined index: a C:\wamp\www\licms\Application\Common\Common\function.php 第 35 行.
NOTIC: [8] Undefined index: a C:\wamp\www\licms\Application\Common\Common\function.php 第 35 行.
NOTIC: [8] Undefined index: a C:\wamp\www\licms\Application\Common\Common\function.php 第 35 行.
NOTIC: [8] Undefined index: a C:\wamp\www\licms\Application\Common\Common\function.php 第 35 行.
NOTIC: [8] Undefined index: a C:\wamp\www\licms\Application\Common\Common\function.php 第 35 行.
INFO: Run Behavior\ParseTemplateBehavior [ RunTime:0.123149s ]
INFO: [ view_parse ] --END-- [ RunTime:0.123310s ]
INFO: [ view_filter ] --START--
INFO: Run Behavior\WriteHtmlCacheBehavior [ RunTime:0.000511s ]
INFO: [ view_filter ] --END-- [ RunTime:0.000635s ]
INFO: [ app_end ] --START--
INFO: Run Behavior\ShowPageTraceBehavior [ RunTime:0.000628s ]
INFO: [ app_end ] --END-- [ RunTime:0.000753s ]

[ 2016-08-14T09:20:27+08:00 ] 127.0.0.1 /admin.php?m=Admin&c=Position&a=index&p=2
INFO: [ app_init ] --START--
INFO: Run Behavior\BuildLiteBehavior [ RunTime:0.000039s ]
INFO: [ app_init ] --END-- [ RunTime:0.000836s ]
INFO: [ app_begin ] --START--
INFO: Run Behavior\ReadHtmlCacheBehavior [ RunTime:0.000473s ]
INFO: [ app_begin ] --END-- [ RunTime:0.000595s ]
NOTIC: [8] Undefined index: id C:\wamp\www\licms\Application\Admin\Controller\PositionController.class.php 第 16 行.
NOTIC: [2048] Declaration of Common\Model\PositionModel::find() should be compatible with Think\Model::find($options = Array) C:\wamp\www\licms\Application\Common\Model\PositionModel.class.php 第 10 行.
SQL: SHOW COLUMNS FROM `cms_position` [ RunTime:0.0107s ]
SQL: SELECT * FROM `cms_position` WHERE `status` <> -1 ORDER BY id desc LIMIT 2,2   [ RunTime:0.0004s ]
SQL: SELECT COUNT(*) AS tp_count FROM `cms_position` LIMIT 1   [ RunTime:0.0002s ]
NOTIC: [8] Undefined variable: sing_path C:\wamp\www\licms\ThinkPHP\Common\functions.php 第 991 行.
INFO: [ view_parse ] --START--
INFO: [ template_filter ] --START--
INFO: Run Behavior\ContentReplaceBehavior [ RunTime:0.000113s ]
INFO: [ template_filter ] --END-- [ RunTime:0.000237s ]
NOTIC: [2048] Declaration of Common\Model\MenuModel::find() should be compatible with Think\Model::find($options = Array) C:\wamp\www\licms\Application\Common\Model\MenuModel.class.php 第 101 行.
SQL: SHOW COLUMNS FROM `cms_menu` [ RunTime:0.0090s ]
SQL: SELECT * FROM `cms_menu` WHERE `status` <> -1 AND `type` = 1 ORDER BY listorder desc,menu_id desc  [ RunTime:0.0004s ]
NOTIC: [8] Undefined index: a C:\wamp\www\licms\Application\Common\Common\function.php 第 35 行.
NOTIC: [8] Undefined index: a C:\wamp\www\licms\Application\Common\Common\function.php 第 35 行.
NOTIC: [8] Undefined index: a C:\wamp\www\licms\Application\Common\Common\function.php 第 35 行.
NOTIC: [8] Undefined index: a C:\wamp\www\licms\Application\Common\Common\function.php 第 35 行.
NOTIC: [8] Undefined index: a C:\wamp\www\licms\Application\Common\Common\function.php 第 35 行.
INFO: Run Behavior\ParseTemplateBehavior [ RunTime:0.025216s ]
INFO: [ view_parse ] --END-- [ RunTime:0.025338s ]
INFO: [ view_filter ] --START--
INFO: Run Behavior\WriteHtmlCacheBehavior [ RunTime:0.000494s ]
INFO: [ view_filter ] --END-- [ RunTime:0.000625s ]
INFO: [ app_end ] --START--
INFO: Run Behavior\ShowPageTraceBehavior [ RunTime:0.000633s ]
INFO: [ app_end ] --END-- [ RunTime:0.000757s ]

